[2026-04-20T21:49:43.690Z] [batch 1/1 ✓ 3.5s · 19 enriched · avg 3.46s · ETA ~0s · $0.00]
[2026-04-20T21:49:43.700Z] [batch 1/1 ✓ DONE · 19 enriched · elapsed 3s · cost $0.00]
[2026-04-20T21:51:10.905Z] [resume] progress.json has different run_id (interaction-pipeline-limit-100-2026-04-20T21-49-40 vs interaction-pipeline-2026-04-20T21-51-10); ignoring
[2026-04-20T21:51:13.909Z] [batch 2/118 ✓ 3.0s · 100 enriched · avg 2.97s · ETA ~1m 56s · $0.00]
[2026-04-20T21:51:14.460Z] [batch 1/118 ✓ 3.5s · 100 enriched · avg 3.20s · ETA ~2m 4s · $0.00]
[2026-04-20T21:51:15.411Z] [batch 3/118 ✓ 4.5s · 100 enriched · avg 3.71s · ETA ~2m 22s · $0.00]
[2026-04-20T21:51:16.258Z] [batch 4/118 ✓ 2.3s · 100 enriched · avg 3.17s · ETA ~2m · $0.00]
[2026-04-20T21:51:16.778Z] [batch 5/118 ✓ 2.3s · 100 enriched · avg 2.81s · ETA ~1m 46s · $0.00]
[2026-04-20T21:51:17.716Z] [batch 6/118 ✓ 2.3s · 100 enriched · avg 2.59s · ETA ~1m 37s · $0.00]
[2026-04-20T21:51:18.677Z] [batch 7/118 ✓ 2.4s · 100 enriched · avg 2.52s · ETA ~1m 33s · $0.00]
[2026-04-20T21:51:18.948Z] [batch 8/118 ✓ 2.2s · 100 enriched · avg 2.38s · ETA ~1m 27s · $0.00]
[2026-04-20T21:51:19.961Z] [batch 9/118 ✓ 2.2s · 100 enriched · avg 2.32s · ETA ~1m 24s · $0.00]
[2026-04-20T21:51:20.975Z] [batch 10/118 ✓ 2.3s · 100 enriched · avg 2.31s · ETA ~1m 23s · $0.00]
[2026-04-20T21:51:21.127Z] [batch 11/118 ✓ 2.2s · 100 enriched · avg 2.26s · ETA ~1m 20s · $0.00]
[2026-04-20T21:51:22.181Z] [batch 12/118 ✓ 2.2s · 100 enriched · avg 2.24s · ETA ~1m 19s · $0.00]
[2026-04-20T21:51:23.125Z] [batch 13/118 ✓ 2.1s · 100 enriched · avg 2.20s · ETA ~1m 17s · $0.00]
[2026-04-20T21:51:23.290Z] [batch 14/118 ✓ 2.2s · 100 enriched · avg 2.18s · ETA ~1m 16s · $0.00]
[2026-04-20T21:51:24.425Z] [batch 15/118 ✓ 2.2s · 100 enriched · avg 2.21s · ETA ~1m 16s · $0.00]
[2026-04-20T21:51:25.332Z] [batch 16/118 ✓ 2.2s · 100 enriched · avg 2.21s · ETA ~1m 15s · $0.00]
[2026-04-20T21:51:25.464Z] [batch 17/118 ✓ 2.2s · 100 enriched · avg 2.19s · ETA ~1m 14s · $0.00]
[2026-04-20T21:51:26.742Z] [batch 18/118 ✓ 2.3s · 100 enriched · avg 2.24s · ETA ~1m 15s · $0.00]
[2026-04-20T21:51:27.681Z] [batch 19/118 ✓ 2.3s · 100 enriched · avg 2.27s · ETA ~1m 15s · $0.00]
[2026-04-20T21:51:27.717Z] [batch 20/118 ✓ 2.2s · 100 enriched · avg 2.26s · ETA ~1m 14s · $0.00]
[2026-04-20T21:51:29.003Z] [batch 21/118 ✓ 2.3s · 100 enriched · avg 2.26s · ETA ~1m 13s · $0.00]
[2026-04-20T21:51:29.889Z] [batch 23/118 ✓ 2.2s · 100 enriched · avg 2.22s · ETA ~1m 11s · $0.00]
[2026-04-20T21:51:29.897Z] [batch 22/118 ✓ 2.2s · 100 enriched · avg 2.21s · ETA ~1m 10s · $0.00]
[2026-04-20T21:51:31.199Z] [batch 24/118 ✓ 2.2s · 100 enriched · avg 2.20s · ETA ~1m 9s · $0.00]
[2026-04-20T21:51:32.122Z] [batch 25/118 ✓ 2.2s · 100 enriched · avg 2.21s · ETA ~1m 9s · $0.00]
[2026-04-20T21:51:32.161Z] [batch 26/118 ✓ 2.3s · 100 enriched · avg 2.23s · ETA ~1m 8s · $0.00]
[2026-04-20T21:51:33.319Z] [batch 27/118 ✓ 2.1s · 100 enriched · avg 2.18s · ETA ~1m 6s · $0.00]
[2026-04-20T21:51:34.277Z] [batch 28/118 ✓ 2.1s · 100 enriched · avg 2.17s · ETA ~1m 5s · $0.00]
[2026-04-20T21:51:34.316Z] [batch 29/118 ✓ 2.1s · 100 enriched · avg 2.16s · ETA ~1m 4s · $0.00]
[2026-04-20T21:51:35.560Z] [batch 30/118 ✓ 2.2s · 100 enriched · avg 2.19s · ETA ~1m 4s · $0.00]
[2026-04-20T21:51:36.702Z] [batch 32/118 ✓ 2.4s · 100 enriched · avg 2.27s · ETA ~1m 6s · $0.00]
[2026-04-20T21:51:36.723Z] [batch 31/118 ✓ 2.4s · 100 enriched · avg 2.34s · ETA ~1m 7s · $0.00]
[2026-04-20T21:51:37.859Z] [batch 33/118 ✓ 2.3s · 100 enriched · avg 2.31s · ETA ~1m 6s · $0.00]
[2026-04-20T21:51:38.879Z] [batch 34/118 ✓ 2.2s · 100 enriched · avg 2.25s · ETA ~1m 3s · $0.00]
[2026-04-20T21:51:38.886Z] [batch 35/118 ✓ 2.2s · 100 enriched · avg 2.21s · ETA ~1m 1s · $0.00]
[2026-04-21T02:50:02.569Z] [resume] progress.json has different run_id (interaction-pipeline-2026-04-20T21-51-10 vs interaction-pipeline-2026-04-21T02-50-02); ignoring
[2026-04-21T02:50:05.861Z] [batch 2/118 ✓ 3.2s · 100 enriched · avg 3.23s · ETA ~2m 6s · $0.00]
[2026-04-21T02:50:06.875Z] [batch 3/118 ✓ 4.2s · 100 enriched · avg 3.63s · ETA ~2m 21s · $0.00]
[2026-04-21T02:50:06.883Z] [batch 1/118 ✓ 4.3s · 100 enriched · avg 3.89s · ETA ~2m 29s · $0.00]
[2026-04-21T02:50:07.970Z] [batch 4/118 ✓ 2.1s · 100 enriched · avg 3.18s · ETA ~2m 1s · $0.00]
[2026-04-21T02:50:08.956Z] [batch 5/118 ✓ 2.1s · 100 enriched · avg 2.74s · ETA ~1m 43s · $0.00]
[2026-04-21T02:50:08.962Z] [batch 6/118 ✓ 2.1s · 100 enriched · avg 2.47s · ETA ~1m 32s · $0.00]
[2026-04-21T02:50:10.068Z] [batch 7/118 ✓ 2.1s · 100 enriched · avg 2.32s · ETA ~1m 26s · $0.00]
[2026-04-21T02:50:11.009Z] [batch 8/118 ✓ 2.0s · 100 enriched · avg 2.21s · ETA ~1m 21s · $0.00]
[2026-04-21T02:50:11.046Z] [batch 9/118 ✓ 2.1s · 100 enriched · avg 2.16s · ETA ~1m 18s · $0.00]
[2026-04-21T02:50:12.150Z] [batch 10/118 ✓ 2.1s · 100 enriched · avg 2.13s · ETA ~1m 17s · $0.00]
[2026-04-21T02:50:13.153Z] [batch 11/118 ✓ 2.1s · 100 enriched · avg 2.12s · ETA ~1m 16s · $0.00]
[2026-04-21T02:50:13.656Z] [batch 12/118 ✓ 2.6s · 100 enriched · avg 2.31s · ETA ~1m 22s · $0.00]
[2026-04-21T02:50:14.312Z] [batch 13/118 ✓ 2.1s · 100 enriched · avg 2.24s · ETA ~1m 19s · $0.00]
[2026-04-21T02:50:15.733Z] [batch 15/118 ✓ 2.1s · 100 enriched · avg 2.17s · ETA ~1m 15s · $0.00]
[2026-04-21T02:50:15.767Z] [batch 14/118 ✓ 2.6s · 100 enriched · avg 2.34s · ETA ~1m 20s · $0.00]
[2026-04-21T02:50:17.340Z] [batch 16/118 ✓ 3.0s · 100 enriched · avg 2.61s · ETA ~1m 29s · $0.00]
[2026-04-21T02:50:17.840Z] [batch 18/118 ✓ 2.1s · 100 enriched · avg 2.39s · ETA ~1m 21s · $0.00]
[2026-04-21T02:50:19.413Z] [batch 19/118 ✓ 2.1s · 100 enriched · avg 2.26s · ETA ~1m 15s · $0.00]
[2026-04-21T02:50:19.679Z] [batch 17/118 ✓ 3.9s · 100 enriched · avg 2.93s · ETA ~1m 37s · $0.00]
[2026-04-21T02:50:21.497Z] [batch 21/118 ✓ 2.1s · 100 enriched · avg 2.59s · ETA ~1m 25s · $0.00]
[2026-04-21T02:50:21.745Z] [batch 22/118 ✓ 2.1s · 100 enriched · avg 2.38s · ETA ~1m 17s · $0.00]
[2026-04-21T02:50:22.297Z] [batch 20/118 ✓ 4.5s · 100 enriched · avg 3.21s · ETA ~1m 43s · $0.00]
[2026-04-21T02:50:23.862Z] [batch 24/118 ✓ 2.1s · 100 enriched · avg 2.77s · ETA ~1m 28s · $0.00]
[2026-04-21T02:50:24.393Z] [batch 25/118 ✓ 2.1s · 100 enriched · avg 2.49s · ETA ~1m 18s · $0.00]
[2026-04-21T02:50:25.667Z] [batch 23/118 ✓ 4.1s · 100 enriched · avg 3.15s · ETA ~1m 38s · $0.00]
[2026-04-21T02:50:26.487Z] [batch 27/118 ✓ 2.1s · 100 enriched · avg 2.73s · ETA ~1m 24s · $0.00]
[2026-04-21T02:50:27.727Z] [batch 28/118 ✓ 2.1s · 100 enriched · avg 2.46s · ETA ~1m 15s · $0.00]
[2026-04-21T02:50:28.068Z] [batch 26/118 ✓ 4.2s · 100 enriched · avg 3.15s · ETA ~1m 35s · $0.00]
[2026-04-21T02:50:30.024Z] [batch 29/118 ✓ 3.5s · 100 enriched · avg 3.31s · ETA ~1m 38s · $0.00]
[2026-04-21T02:50:30.152Z] [batch 31/118 ✓ 2.1s · 100 enriched · avg 2.82s · ETA ~1m 23s · $0.00]
[2026-04-21T02:50:30.901Z] [batch 30/118 ✓ 3.2s · 100 enriched · avg 2.96s · ETA ~1m 26s · $0.00]
[2026-04-21T02:50:32.101Z] [batch 32/118 ✓ 2.1s · 100 enriched · avg 2.60s · ETA ~1m 15s · $0.00]
[2026-04-21T02:50:33.085Z] [batch 34/118 ✓ 2.2s · 100 enriched · avg 2.43s · ETA ~1m 9s · $0.00]
[2026-04-21T02:50:34.365Z] [batch 35/118 ✓ 2.3s · 100 enriched · avg 2.36s · ETA ~1m 6s · $0.00]
[2026-04-21T02:50:34.380Z] [batch 33/118 ✓ 4.2s · 100 enriched · avg 3.11s · ETA ~1m 26s · $0.00]
[2026-04-21T02:50:36.981Z] [batch 37/118 ✓ 2.6s · 100 enriched · avg 2.90s · ETA ~1m 19s · $0.00]
[2026-04-21T02:50:37.473Z] [batch 36/118 ✓ 4.4s · 100 enriched · avg 3.48s · ETA ~1m 34s · $0.00]
[2026-04-21T02:50:37.964Z] [batch 38/118 ✓ 3.6s · 100 enriched · avg 3.52s · ETA ~1m 34s · $0.00]
[2026-04-21T02:50:39.176Z] [batch 39/118 ✓ 2.2s · 100 enriched · avg 2.99s · ETA ~1m 19s · $0.00]
[2026-04-21T02:50:39.656Z] [batch 40/118 ✓ 2.2s · 100 enriched · avg 2.67s · ETA ~1m 9s · $0.00]
[2026-04-21T02:50:40.129Z] [batch 41/118 ✓ 2.2s · 100 enriched · avg 2.46s · ETA ~1m 3s · $0.00]
[2026-04-21T02:50:41.321Z] [batch 42/118 ✓ 2.1s · 100 enriched · avg 2.33s · ETA ~59s · $0.00]
[2026-04-21T02:50:41.892Z] [batch 43/118 ✓ 2.2s · 100 enriched · avg 2.29s · ETA ~57s · $0.00]
[2026-04-21T02:50:42.298Z] [batch 44/118 ✓ 2.2s · 100 enriched · avg 2.24s · ETA ~55s · $0.00]
[2026-04-21T02:50:43.532Z] [batch 45/118 ✓ 2.2s · 100 enriched · avg 2.23s · ETA ~54s · $0.00]
[2026-04-21T02:50:44.480Z] [batch 47/118 ✓ 2.2s · 100 enriched · avg 2.20s · ETA ~53s · $0.00]
[2026-04-21T02:50:45.427Z] [batch 46/118 ✓ 3.5s · 100 enriched · avg 2.73s · ETA ~1m 5s · $0.00]
[2026-04-21T02:50:46.197Z] [batch 48/118 ✓ 2.7s · 100 enriched · avg 2.70s · ETA ~1m 3s · $0.00]
[2026-04-21T02:50:46.841Z] [batch 49/118 ✓ 2.4s · 100 enriched · avg 2.56s · ETA ~59s · $0.00]
[2026-04-21T02:50:47.823Z] [batch 50/118 ✓ 2.4s · 100 enriched · avg 2.49s · ETA ~57s · $0.00]
[2026-04-21T02:50:48.581Z] [batch 51/118 ✓ 2.4s · 100 enriched · avg 2.45s · ETA ~55s · $0.00]
[2026-04-21T02:50:49.206Z] [batch 52/118 ✓ 2.4s · 100 enriched · avg 2.41s · ETA ~53s · $0.00]
[2026-04-21T02:50:50.208Z] [batch 53/118 ✓ 2.4s · 100 enriched · avg 2.40s · ETA ~52s · $0.00]
[2026-04-21T02:50:50.950Z] [batch 54/118 ✓ 2.4s · 100 enriched · avg 2.39s · ETA ~51s · $0.00]
[2026-04-21T02:50:51.540Z] [batch 55/118 ✓ 2.3s · 100 enriched · avg 2.36s · ETA ~50s · $0.00]
[2026-04-21T02:50:52.594Z] [batch 56/118 ✓ 2.4s · 100 enriched · avg 2.37s · ETA ~49s · $0.00]
[2026-04-21T02:50:53.087Z] [batch 57/118 ✓ 2.1s · 100 enriched · avg 2.28s · ETA ~46s · $0.00]
[2026-04-21T02:50:53.650Z] [batch 58/118 ✓ 2.1s · 100 enriched · avg 2.21s · ETA ~44s · $0.00]
[2026-04-21T02:50:54.756Z] [batch 59/118 ✓ 2.1s · 100 enriched · avg 2.18s · ETA ~43s · $0.00]
[2026-04-21T02:50:55.267Z] [batch 60/118 ✓ 2.2s · 100 enriched · avg 2.17s · ETA ~42s · $0.00]
[2026-04-21T02:50:55.783Z] [batch 61/118 ✓ 2.1s · 100 enriched · avg 2.14s · ETA ~41s · $0.00]
[2026-04-21T02:50:56.893Z] [batch 62/118 ✓ 2.1s · 100 enriched · avg 2.14s · ETA ~40s · $0.00]
[2026-04-21T02:50:57.379Z] [batch 63/118 ✓ 2.1s · 100 enriched · avg 2.12s · ETA ~39s · $0.00]
[2026-04-21T02:50:57.903Z] [batch 64/118 ✓ 2.1s · 100 enriched · avg 2.12s · ETA ~38s · $0.00]
[2026-04-21T02:50:59.026Z] [batch 65/118 ✓ 2.1s · 100 enriched · avg 2.12s · ETA ~38s · $0.00]
[2026-04-21T02:50:59.470Z] [batch 66/118 ✓ 2.1s · 100 enriched · avg 2.11s · ETA ~37s · $0.00]
[2026-04-21T02:51:00.012Z] [batch 67/118 ✓ 2.1s · 100 enriched · avg 2.11s · ETA ~36s · $0.00]
[2026-04-21T02:51:01.246Z] [batch 68/118 ✓ 2.2s · 100 enriched · avg 2.15s · ETA ~36s · $0.00]
[2026-04-21T02:51:01.640Z] [batch 69/118 ✓ 2.2s · 100 enriched · avg 2.16s · ETA ~35s · $0.00]
[2026-04-21T02:51:02.222Z] [batch 70/118 ✓ 2.2s · 100 enriched · avg 2.18s · ETA ~35s · $0.00]
[2026-04-21T02:51:03.423Z] [batch 71/118 ✓ 2.2s · 100 enriched · avg 2.17s · ETA ~34s · $0.00]
[2026-04-21T02:51:03.829Z] [batch 72/118 ✓ 2.2s · 100 enriched · avg 2.18s · ETA ~33s · $0.00]
[2026-04-21T02:51:04.348Z] [batch 73/118 ✓ 2.1s · 100 enriched · avg 2.16s · ETA ~32s · $0.00]
[2026-04-21T02:51:05.661Z] [batch 74/118 ✓ 2.2s · 100 enriched · avg 2.19s · ETA ~32s · $0.00]
[2026-04-21T02:51:06.054Z] [batch 75/118 ✓ 2.2s · 100 enriched · avg 2.19s · ETA ~31s · $0.00]
[2026-04-21T02:51:06.621Z] [batch 76/118 ✓ 2.2s · 100 enriched · avg 2.21s · ETA ~31s · $0.00]
[2026-04-21T02:51:07.791Z] [batch 77/118 ✓ 2.1s · 100 enriched · avg 2.18s · ETA ~30s · $0.00]
[2026-04-21T02:51:08.161Z] [batch 78/118 ✓ 2.1s · 100 enriched · avg 2.15s · ETA ~29s · $0.00]
[2026-04-21T02:51:08.709Z] [batch 79/118 ✓ 2.1s · 100 enriched · avg 2.12s · ETA ~28s · $0.00]
[2026-04-21T02:51:10.044Z] [batch 80/118 ✓ 2.2s · 100 enriched · avg 2.17s · ETA ~28s · $0.00]
[2026-04-21T02:51:10.304Z] [batch 81/118 ✓ 2.1s · 100 enriched · avg 2.16s · ETA ~27s · $0.00]
[2026-04-21T02:51:10.838Z] [batch 82/118 ✓ 2.1s · 100 enriched · avg 2.14s · ETA ~26s · $0.00]
[2026-04-21T02:51:12.143Z] [batch 83/118 ✓ 2.1s · 100 enriched · avg 2.12s · ETA ~25s · $0.00]
[2026-04-21T02:51:12.421Z] [batch 84/118 ✓ 2.1s · 100 enriched · avg 2.12s · ETA ~24s · $0.00]
[2026-04-21T02:51:12.941Z] [batch 85/118 ✓ 2.1s · 100 enriched · avg 2.11s · ETA ~23s · $0.00]
[2026-04-21T02:51:14.343Z] [batch 86/118 ✓ 2.2s · 100 enriched · avg 2.14s · ETA ~23s · $0.00]
[2026-04-21T02:51:14.640Z] [batch 87/118 ✓ 2.2s · 100 enriched · avg 2.17s · ETA ~22s · $0.00]
[2026-04-21T02:51:15.221Z] [batch 88/118 ✓ 2.3s · 100 enriched · avg 2.21s · ETA ~22s · $0.00]
[2026-04-21T02:51:16.595Z] [batch 89/118 ✓ 2.2s · 100 enriched · avg 2.22s · ETA ~21s · $0.00]
[2026-04-21T02:51:16.893Z] [batch 90/118 ✓ 2.2s · 100 enriched · avg 2.22s · ETA ~21s · $0.00]
[2026-04-21T02:51:17.528Z] [batch 91/118 ✓ 2.3s · 100 enriched · avg 2.25s · ETA ~20s · $0.00]
[2026-04-21T02:51:18.773Z] [batch 92/118 ✓ 2.2s · 100 enriched · avg 2.22s · ETA ~19s · $0.00]
[2026-04-21T02:51:19.142Z] [batch 93/118 ✓ 2.2s · 100 enriched · avg 2.23s · ETA ~19s · $0.00]
[2026-04-21T02:51:19.782Z] [batch 94/118 ✓ 2.2s · 100 enriched · avg 2.24s · ETA ~18s · $0.00]
[2026-04-21T02:51:21.016Z] [batch 95/118 ✓ 2.2s · 100 enriched · avg 2.24s · ETA ~17s · $0.00]
[2026-04-21T02:51:21.625Z] [batch 96/118 ✓ 2.5s · 100 enriched · avg 2.33s · ETA ~17s · $0.00]
[2026-04-21T02:51:22.020Z] [batch 97/118 ✓ 2.2s · 100 enriched · avg 2.29s · ETA ~16s · $0.00]
[2026-04-21T02:51:23.202Z] [batch 98/118 ✓ 2.2s · 100 enriched · avg 2.25s · ETA ~15s · $0.00]
[2026-04-21T02:51:23.742Z] [batch 99/118 ✓ 2.1s · 100 enriched · avg 2.19s · ETA ~14s · $0.00]
[2026-04-21T02:51:24.244Z] [batch 100/118 ✓ 2.2s · 100 enriched · avg 2.20s · ETA ~13s · $0.00]
[2026-04-21T02:51:25.523Z] [batch 101/118 ✓ 2.3s · 100 enriched · avg 2.24s · ETA ~13s · $0.00]
[2026-04-21T02:51:26.001Z] [batch 102/118 ✓ 2.3s · 100 enriched · avg 2.25s · ETA ~12s · $0.00]
[2026-04-21T02:51:26.544Z] [batch 103/118 ✓ 2.3s · 100 enriched · avg 2.26s · ETA ~11s · $0.00]
[2026-04-21T02:51:27.916Z] [batch 104/118 ✓ 2.4s · 100 enriched · avg 2.30s · ETA ~11s · $0.00]
[2026-04-21T02:51:28.303Z] [batch 105/118 ✓ 2.3s · 100 enriched · avg 2.30s · ETA ~10s · $0.00]
[2026-04-21T02:51:28.963Z] [batch 106/118 ✓ 2.4s · 100 enriched · avg 2.34s · ETA ~9s · $0.00]
[2026-04-21T02:51:30.241Z] [batch 107/118 ✓ 2.3s · 100 enriched · avg 2.33s · ETA ~9s · $0.00]
[2026-04-21T02:51:30.534Z] [batch 108/118 ✓ 2.2s · 100 enriched · avg 2.29s · ETA ~8s · $0.00]
[2026-04-21T02:51:31.264Z] [batch 109/118 ✓ 2.3s · 100 enriched · avg 2.29s · ETA ~7s · $0.00]
[2026-04-21T02:51:32.631Z] [batch 110/118 ✓ 2.4s · 100 enriched · avg 2.33s · ETA ~6s · $0.00]
[2026-04-21T02:51:32.961Z] [batch 111/118 ✓ 2.4s · 100 enriched · avg 2.37s · ETA ~6s · $0.00]
[2026-04-21T02:51:33.683Z] [batch 112/118 ✓ 2.4s · 100 enriched · avg 2.39s · ETA ~5s · $0.00]
[2026-04-21T02:51:35.057Z] [batch 113/118 ✓ 2.4s · 100 enriched · avg 2.40s · ETA ~4s · $0.00]
[2026-04-21T02:51:35.978Z] [batch 115/118 ✓ 2.3s · 100 enriched · avg 2.35s · ETA ~3s · $0.00]
[2026-04-21T02:51:36.536Z] [batch 114/118 ✓ 3.6s · 100 enriched · avg 2.84s · ETA ~3s · $0.00]
[2026-04-21T02:51:37.352Z] [batch 116/118 ✓ 2.3s · 100 enriched · avg 2.62s · ETA ~3s · $0.00]
[2026-04-21T02:51:38.397Z] [batch 117/118 ✓ 2.4s · 100 enriched · avg 2.52s · ETA ~3s · $0.00]
[2026-04-21T02:51:38.615Z] [batch 118/118 ✓ 2.1s · 55 enriched · avg 2.34s · ETA ~0s · $0.00]
[2026-04-21T02:51:38.625Z] [batch 118/118 ✓ DONE · 11755 enriched · elapsed 1m 36s · cost $0.00]
