=== 1. raw_events table columns ===
[{"column_name":"id","data_type":"uuid","is_nullable":"NO"},{"column_name":"user_id","data_type":"uuid","is_nullable":"NO"},{"column_name":"source","data_type":"text","is_nullable":"NO"},{"column_name":"source_event_id","data_type":"text","is_nullable":"NO"},{"column_name":"channel","data_type":"text","is_nullable":"NO"},{"column_name":"connector_version","data_type":"text","is_nullable":"YES"},{"column_name":"occurred_at","data_type":"timestamp with time zone","is_nullable":"NO"},{"column_name":"ingested_at","data_type":"timestamp with time zone","is_nullable":"NO"},{"column_name":"direction","data_type":"text","is_nullable":"YES"},{"column_name":"thread_id","data_type":"text","is_nullable":"YES"},{"column_name":"participants_raw","data_type":"jsonb","is_nullable":"NO"},{"column_name":"participant_phones","data_type":"ARRAY","is_nullable":"NO"},{"column_name":"participant_emails","data_type":"ARRAY","is_nullable":"NO"},{"column_name":"body_preview","data_type":"text","is_nullable":"YES"},{"column_name":"attachments_present","data_type":"boolean","is_nullable":"NO"},{"column_name":"raw_ref","data_type":"jsonb","is_nullable":"YES"}]
=== 2. unique constraint ===
[{"conname":"raw_events_user_id_source_source_event_id_key","pg_get_constraintdef":"UNIQUE (user_id, source, source_event_id)"}]
=== 3. indexes ===
[{"indexname":"raw_events_pkey"},{"indexname":"raw_events_user_id_source_source_event_id_key"},{"indexname":"raw_events_user_occurred_at_idx"},{"indexname":"raw_events_user_thread_idx"},{"indexname":"raw_events_user_source_idx"},{"indexname":"raw_events_user_emails_gin"},{"indexname":"raw_events_user_phones_gin"}]
=== 4. upsert_raw_events RPC exists ===
[{"proname":"upsert_raw_events","returns":"TABLE(inserted integer, updated integer)","security_definer":true}]
=== 5. row count (should be 0) ===
[{"count":0}]
=== 6. smoke-test the RPC idempotency end-to-end ===
using user_id=dbb398c2-1eff-4eee-ae10-bad13be5fda7

--- first call: expect inserted=1 updated=0 ---
[{"inserted":1,"updated":0}]
--- second call: expect inserted=0 updated=1 ---
[{"inserted":0,"updated":1}]
--- cleanup ---
[]
--- final count: 0 ---
[{"count":0}]