=== link ===
Finished supabase link.
A new version of Supabase CLI is available: v2.90.0 (currently installed v2.78.1)
We recommend updating regularly for new features and bug fixes: https://supabase.com/docs/guides/cli/getting-started#updating-the-supabase-cli

=== list remote migrations before push ===
            | 20260415165341 | 2026-04-15 16:53:41 
            | 20260415174542 | 2026-04-15 17:45:42 
            | 20260415174924 | 2026-04-15 17:49:24 
            | 20260415183955 | 2026-04-15 18:39:55 
            | 20260415184232 | 2026-04-15 18:42:32 
            | 20260417080809 | 2026-04-17 08:08:09 
            | 20260417093344 | 2026-04-17 09:33:44 

A new version of Supabase CLI is available: v2.90.0 (currently installed v2.78.1)
We recommend updating regularly for new features and bug fixes: https://supabase.com/docs/guides/cli/getting-started#updating-the-supabase-cli

=== push ===
Initialising login role...
Connecting to remote database...
Remote migration versions not found in local migrations directory.

Make sure your local git repo is up-to-date. If the error persists, try repairing the migration history table:
supabase migration repair --status reverted 20260415165341 20260415174542 20260415174924 20260415183955 20260415184232 20260417080809 20260417093344

And update local migrations to match remote database:
supabase db pull


=== list after push ===
  ----------|----------------|---------------------
   20260417 |                | 20260417            
   20260417 |                | 20260417            
   20260418 |                | 20260418            
   20260418 |                | 20260418            
            | 20260415165341 | 2026-04-15 16:53:41 
            | 20260415174542 | 2026-04-15 17:45:42 
            | 20260415174924 | 2026-04-15 17:49:24 
            | 20260415183955 | 2026-04-15 18:39:55 
            | 20260415184232 | 2026-04-15 18:42:32 
            | 20260417080809 | 2026-04-17 08:08:09 
            | 20260417093344 | 2026-04-17 09:33:44 

A new version of Supabase CLI is available: v2.90.0 (currently installed v2.78.1)
We recommend updating regularly for new features and bug fixes: https://supabase.com/docs/guides/cli/getting-started#updating-the-supabase-cli
=== repair: mark 7 remote-only migrations as applied ===
Initialising login role...
Connecting to remote database...
glob supabase/migrations/20260415165341_*.sql: file does not exist
Try rerunning the command with --debug to troubleshoot the error.

=== push ===
Initialising login role...
Connecting to remote database...
Remote migration versions not found in local migrations directory.

Make sure your local git repo is up-to-date. If the error persists, try repairing the migration history table:
supabase migration repair --status reverted 20260415165341 20260415174542 20260415174924 20260415183955 20260415184232 20260417080809 20260417093344

And update local migrations to match remote database:
supabase db pull


=== final migration list ===
Initialising login role...
Connecting to remote database...

  
   Local    | Remote         | Time (UTC)          
  ----------|----------------|---------------------
   20260417 |                | 20260417            
   20260417 |                | 20260417            
   20260418 |                | 20260418            
   20260418 |                | 20260418            
            | 20260415165341 | 2026-04-15 16:53:41 
            | 20260415174542 | 2026-04-15 17:45:42 
            | 20260415174924 | 2026-04-15 17:49:24 
            | 20260415183955 | 2026-04-15 18:39:55 
            | 20260415184232 | 2026-04-15 18:42:32 
            | 20260417080809 | 2026-04-17 08:08:09 
            | 20260417093344 | 2026-04-17 09:33:44 

A new version of Supabase CLI is available: v2.90.0 (currently installed v2.78.1)
We recommend updating regularly for new features and bug fixes: https://supabase.com/docs/guides/cli/getting-started#updating-the-supabase-cli
