Retrieving project…
Deploying sanchaythalnerkar-8163s-projects/orbit
Uploading [--------------------] (0.0B/1.6MB)
Uploading [=====---------------] (416.8KB/1.6MB)
Uploading [==========----------] (827.5KB/1.6MB)
Uploading [===============-----] (1.2MB/1.6MB)
Uploading [====================] (1.6MB/1.6MB)
Inspect: https://vercel.com/sanchaythalnerkar-8163s-projects/orbit/8UyrmxajCcyUNPokSS19XNwT2pPt [5s]
Production: https://orbit-nk69tpy8k-sanchaythalnerkar-8163s-projects.vercel.app [5s]
https://orbit-nk69tpy8k-sanchaythalnerkar-8163s-projects.vercel.appBuilding...
Building...
Building: Running build in Washington, D.C., USA (East) – iad1
Building: Build machine configuration: 2 cores, 8 GB
Building: Retrieving list of deployment files...
Building: Downloading 231 deployment files...
Building: Restored build cache from previous deployment (H84tpVyCe1WSGqwo43zpSz5oxx6G)
Building: Running "vercel build"
Building: Vercel CLI 51.6.1
Building: Installing dependencies...
Building: npm warn deprecated prebuild-install@7.1.3: No longer maintained. Please contact the author of the relevant native addon; alternatives are available.
Building: npm warn deprecated glob@10.5.0: Old versions of glob are not supported, and contain widely publicized security vulnerabilities, which have been fixed in the current version. Please update. Support for old versions may be purchased (at exorbitant rates) by contacting i@izs.me
Building: added 119 packages in 3s
Building: 268 packages are looking for funding
Building: run `npm fund` for details
Building: Detected Next.js version: 16.2.3
Building: Running "npm run build"
Building: > orbit@0.1.0 build
Building: > next build
Building: Applying modifyConfig from Vercel
Building: ▲ Next.js 16.2.3 (Turbopack)
Building: ⚠ The "middleware" file convention is deprecated. Please use "proxy" instead. Learn more: https://nextjs.org/docs/messages/middleware-to-proxy
Building: Creating an optimized production build ...
Building: ✓ Compiled successfully in 16.5s
Building: Running TypeScript ...
Building: Finished TypeScript in 9.1s ...
Building: Collecting page data using 1 worker ...
Building: Generating static pages using 1 worker (0/13) ...
Building: Generating static pages using 1 worker (3/13)
Building: Generating static pages using 1 worker (6/13)
Building: Generating static pages using 1 worker (9/13)
Building: ✓ Generating static pages using 1 worker (13/13) in 274ms
Building: Finalizing page optimization ...
Building: Running onBuildComplete from Vercel
Building: Route (app)
Building: ┌ ○ /
Building: ├ ○ /_not-found
Building: ├ ƒ /api/connectors/whatsapp
Building: ├ ƒ /api/contacts
Building: ├ ƒ /api/graph
Building: ├ ƒ /api/init
Building: ├ ƒ /api/keys
Building: ├ ƒ /api/person/[id]
Building: ├ ƒ /api/search
Building: ├ ƒ /api/v1/briefs
Building: ├ ƒ /api/v1/capabilities
Building: ├ ƒ /api/v1/edges
Building: ├ ƒ /api/v1/graph
Building: ├ ƒ /api/v1/ingest
Building: ├ ƒ /api/v1/merge
Building: ├ ƒ /api/v1/persons
Building: ├ ƒ /api/v1/persons/[id]
Building: ├ ƒ /api/v1/persons/[id]/interactions
Building: ├ ƒ /api/v1/raw_events
Building: ├ ƒ /api/v1/reset
Building: ├ ƒ /api/v1/search
Building: ├ ƒ /auth/callback
Building: ├ ƒ /dashboard
Building: ├ ƒ /dashboard/settings
Building: ├ ○ /icon.svg
Building: ├ ○ /login
Building: ├ ƒ /onboarding
Building: ├ ○ /signup
Building: └ ○ /test-graph
Building: ƒ Proxy (Middleware)
Building: ○  (Static)   prerendered as static content
Building: ƒ  (Dynamic)  server-rendered on demand
Building: Build Completed in /vercel/output [31s]
Building: Deploying outputs...
Building: Deployment completed
Building: Creating build cache...
[2K[1A[2K[GProduction: https://orbit-nk69tpy8k-sanchaythalnerkar-8163s-projects.vercel.app [53s]
Completing...
Aliased: https://orbit-mu-roan.vercel.app [53s]

Common next commands:
- `vercel inspect orbit-nk69tpy8k-sanchaythalnerkar-8163s-projects.vercel.app --logs`
- `vercel redeploy orbit-nk69tpy8k-sanchaythalnerkar-8163s-projects.vercel.app`
